
<<<<<<<<<<<<<<<<<<<START SIMULATION>>>>>>>>>>>>>>>>>>>

CLUSTER 1
sou o nodo 0 no tempo  30.0 
testei os nodo(s):  1 
timestamp:  [0]  [0]  [-1]  [-1]  [-1]  [-1]  [-1] 

sou o nodo 1 no tempo  30.0 
testei os nodo(s):  0 
timestamp:  [0]  [0]  [-1]  [-1]  [-1]  [-1]  [-1] 

sou o nodo 2 no tempo  30.0 
testei os nodo(s):  3 
timestamp:  [-1]  [-1]  [0]  [0]  [-1]  [-1]  [-1] 

sou o nodo 3 no tempo  30.0 
testei os nodo(s):  2 
timestamp:  [-1]  [-1]  [0]  [0]  [-1]  [-1]  [-1] 

sou o nodo 4 no tempo  30.0 
testei os nodo(s):  5 
timestamp:  [-1]  [-1]  [-1]  [-1]  [0]  [0]  [-1] 

sou o nodo 5 no tempo  30.0 
testei os nodo(s):  4 
timestamp:  [-1]  [-1]  [-1]  [-1]  [0]  [0]  [-1] 

sou o nodo 6 no tempo  30.0 
testei os nodo(s): 
timestamp:  [-1]  [-1]  [-1]  [-1]  [-1]  [-1]  [0] 

CLUSTER 2
sou o nodo 0 no tempo  30.0 
testei os nodo(s):  2 
timestamp:  [0]  [0]  [0]  [0]  [-1]  [-1]  [-1] 

sou o nodo 1 no tempo  30.0 
testei os nodo(s):  3 
timestamp:  [0]  [0]  [0]  [0]  [-1]  [-1]  [-1] 

sou o nodo 2 no tempo  30.0 
testei os nodo(s):  0 
timestamp:  [0]  [0]  [0]  [0]  [-1]  [-1]  [-1] 

sou o nodo 3 no tempo  30.0 
testei os nodo(s):  1 
timestamp:  [0]  [0]  [0]  [0]  [-1]  [-1]  [-1] 

sou o nodo 4 no tempo  30.0 
testei os nodo(s):  6 
timestamp:  [-1]  [-1]  [-1]  [-1]  [0]  [0]  [0] 

sou o nodo 5 no tempo  30.0 
testei os nodo(s): 
timestamp:  [-1]  [-1]  [-1]  [-1]  [0]  [0]  [-1] 

sou o nodo 6 no tempo  30.0 
testei os nodo(s):  4 
timestamp:  [-1]  [-1]  [-1]  [-1]  [0]  [0]  [0] 

CLUSTER 3
sou o nodo 0 no tempo  30.0 
testei os nodo(s):  4 
timestamp:  [0]  [0]  [0]  [0]  [0]  [0]  [0] 

sou o nodo 1 no tempo  30.0 
testei os nodo(s):  5 
timestamp:  [0]  [0]  [0]  [0]  [0]  [0]  [-1] 

sou o nodo 2 no tempo  30.0 
testei os nodo(s):  6 
timestamp:  [0]  [0]  [0]  [0]  [0]  [0]  [0] 

sou o nodo 3 no tempo  30.0 
testei os nodo(s): 
timestamp:  [0]  [0]  [0]  [0]  [-1]  [-1]  [-1] 

sou o nodo 4 no tempo  30.0 
testei os nodo(s):  0 
timestamp:  [0]  [0]  [0]  [0]  [0]  [0]  [0] 

sou o nodo 5 no tempo  30.0 
testei os nodo(s):  1 
timestamp:  [0]  [0]  [0]  [0]  [0]  [0]  [-1] 

sou o nodo 6 no tempo  30.0 
testei os nodo(s):  2 
timestamp:  [0]  [0]  [0]  [0]  [0]  [0]  [0] 

++++++++++++++++++++++++++++++++++++++++++++++++++++++
O nodo 1 falha no tempo  40.0 
++++++++++++++++++++++++++++++++++++++++++++++++++++++

++++++++++++++++++++++++++++++++++++++++++++++++++++++
O nodo 3 falha no tempo  40.0 
++++++++++++++++++++++++++++++++++++++++++++++++++++++

++++++++++++++++++++++++++++++++++++++++++++++++++++++
O nodo 4 falha no tempo  40.0 
++++++++++++++++++++++++++++++++++++++++++++++++++++++

++++++++++++++++++++++++++++++++++++++++++++++++++++++
O nodo 6 falha no tempo  40.0 
++++++++++++++++++++++++++++++++++++++++++++++++++++++

CLUSTER 1
sou o nodo 0 no tempo  60.0 
testei os nodo(s):  1 
timestamp:  [0]  [1]  [0]  [0]  [0]  [0]  [0] 

sou o nodo 2 no tempo  60.0 
testei os nodo(s):  3 
timestamp:  [0]  [0]  [0]  [1]  [0]  [0]  [0] 

sou o nodo 5 no tempo  60.0 
testei os nodo(s):  4 
timestamp:  [0]  [0]  [0]  [0]  [1]  [0]  [-1] 

CLUSTER 2
sou o nodo 0 no tempo  60.0 
testei os nodo(s):  2 
timestamp:  [0]  [1]  [0]  [1]  [0]  [0]  [0] 

sou o nodo 2 no tempo  60.0 
testei os nodo(s):  0 
timestamp:  [0]  [1]  [0]  [1]  [0]  [0]  [0] 

sou o nodo 5 no tempo  60.0 
testei os nodo(s): 
timestamp:  [0]  [0]  [0]  [0]  [1]  [0]  [-1] 

CLUSTER 3
sou o nodo 0 no tempo  60.0 
testei os nodo(s):  4 
timestamp:  [0]  [1]  [0]  [1]  [1]  [0]  [0] 

sou o nodo 2 no tempo  60.0 
testei os nodo(s):  6 
timestamp:  [0]  [1]  [0]  [1]  [0]  [0]  [1] 

sou o nodo 5 no tempo  60.0 
testei os nodo(s):  1 
timestamp:  [0]  [1]  [0]  [0]  [1]  [0]  [-1] 

++++++++++++++++++++++++++++++++++++++++++++++++++++++
o nodo 1 reparou no tempo  70.0 
++++++++++++++++++++++++++++++++++++++++++++++++++++++

++++++++++++++++++++++++++++++++++++++++++++++++++++++
o nodo 3 reparou no tempo  70.0 
++++++++++++++++++++++++++++++++++++++++++++++++++++++

++++++++++++++++++++++++++++++++++++++++++++++++++++++
o nodo 4 reparou no tempo  70.0 
++++++++++++++++++++++++++++++++++++++++++++++++++++++

++++++++++++++++++++++++++++++++++++++++++++++++++++++
o nodo 6 reparou no tempo  70.0 
++++++++++++++++++++++++++++++++++++++++++++++++++++++

CLUSTER 1
sou o nodo 0 no tempo  90.0 
testei os nodo(s):  1 
timestamp:  [0]  [2]  [0]  [1]  [1]  [0]  [0] 

sou o nodo 2 no tempo  90.0 
testei os nodo(s):  3 
timestamp:  [0]  [1]  [0]  [2]  [0]  [0]  [1] 

sou o nodo 5 no tempo  90.0 
testei os nodo(s):  4 
timestamp:  [0]  [1]  [0]  [0]  [2]  [0]  [0] 

CLUSTER 2
sou o nodo 0 no tempo  90.0 
testei os nodo(s):  2 
timestamp:  [0]  [2]  [0]  [2]  [1]  [0]  [1] 

sou o nodo 2 no tempo  90.0 
testei os nodo(s):  0 
timestamp:  [0]  [2]  [0]  [2]  [1]  [0]  [1] 

sou o nodo 5 no tempo  90.0 
testei os nodo(s): 
timestamp:  [0]  [1]  [0]  [0]  [2]  [0]  [0] 

CLUSTER 3
sou o nodo 0 no tempo  90.0 
testei os nodo(s):  4 
timestamp:  [0]  [2]  [0]  [2]  [2]  [0]  [1] 

sou o nodo 2 no tempo  90.0 
testei os nodo(s):  6 
timestamp:  [0]  [2]  [0]  [2]  [1]  [0]  [2] 

sou o nodo 5 no tempo  90.0 
testei os nodo(s):  1 
timestamp:  [0]  [2]  [0]  [0]  [2]  [0]  [0] 

CLUSTER 1
sou o nodo 1 no tempo 100.0 
testei os nodo(s):  0 
timestamp:  [0]  [0]  [0]  [2]  [2]  [0]  [1] 

<<<<<<<<<<<<<<<<<<<FINISH SIMULATION>>>>>>>>>>>>>>>>>>>

<<<<<<<<<<<<<<INICIO LATENCIA E QTD TESTES>>>>>>>>>>>>>>

Considerando a sequencia de eventos de diagnosticos as
respectivas latencia e quantidade de testes foram:


<<<<<<<<<<<<<<<FIM LATENCIA E QTD TESTES>>>>>>>>>>>>>>>

